{"/home/mihaitzzza/work/daciantech/react-boilerplate/ui/src/components/app.js": {"path":"/home/mihaitzzza/work/daciantech/react-boilerplate/ui/src/components/app.js","statementMap":{"0":{"start":{"line":11,"column":4},"end":{"line":22,"column":5}}},"fnMap":{"0":{"name":"App","decl":{"start":{"line":10,"column":9},"end":{"line":10,"column":12}},"loc":{"start":{"line":10,"column":15},"end":{"line":23,"column":1}},"line":10}},"branchMap":{},"s":{"0":0},"f":{"0":0},"b":{}}
,"/home/mihaitzzza/work/daciantech/react-boilerplate/ui/src/components/About/index.js": {"path":"/home/mihaitzzza/work/daciantech/react-boilerplate/ui/src/components/About/index.js","statementMap":{"0":{"start":{"line":4,"column":14},"end":{"line":11,"column":1}},"1":{"start":{"line":5,"column":4},"end":{"line":10,"column":15}},"2":{"start":{"line":13,"column":0},"end":{"line":13,"column":28}}},"fnMap":{"0":{"name":"(anonymous_0)","decl":{"start":{"line":4,"column":14},"end":{"line":4,"column":15}},"loc":{"start":{"line":5,"column":4},"end":{"line":10,"column":15}},"line":5}},"branchMap":{},"s":{"0":1,"1":1,"2":1},"f":{"0":1},"b":{},"_coverageSchema":"1a1c01bbd47fc00a2c39e90264f33305004495a9","hash":"0cac322a0ea93113b37724d149e42a150ab8cfa1"}
,"/home/mihaitzzza/work/daciantech/react-boilerplate/ui/src/components/Home/index.js": {"path":"/home/mihaitzzza/work/daciantech/react-boilerplate/ui/src/components/Home/index.js","statementMap":{"0":{"start":{"line":4,"column":13},"end":{"line":11,"column":1}},"1":{"start":{"line":5,"column":4},"end":{"line":10,"column":15}},"2":{"start":{"line":13,"column":0},"end":{"line":13,"column":26}}},"fnMap":{"0":{"name":"(anonymous_0)","decl":{"start":{"line":4,"column":13},"end":{"line":4,"column":14}},"loc":{"start":{"line":5,"column":4},"end":{"line":10,"column":15}},"line":5}},"branchMap":{},"s":{"0":1,"1":1,"2":1},"f":{"0":1},"b":{},"_coverageSchema":"1a1c01bbd47fc00a2c39e90264f33305004495a9","hash":"84cad23f0ec5ef0d9ecb353a6fae95e64ee1804d"}
,"/home/mihaitzzza/work/daciantech/react-boilerplate/ui/src/components/Menu/index.js": {"path":"/home/mihaitzzza/work/daciantech/react-boilerplate/ui/src/components/Menu/index.js","statementMap":{"0":{"start":{"line":4,"column":13},"end":{"line":17,"column":1}},"1":{"start":{"line":5,"column":4},"end":{"line":16,"column":9}},"2":{"start":{"line":19,"column":0},"end":{"line":19,"column":26}}},"fnMap":{"0":{"name":"(anonymous_0)","decl":{"start":{"line":4,"column":13},"end":{"line":4,"column":14}},"loc":{"start":{"line":5,"column":4},"end":{"line":16,"column":9}},"line":5}},"branchMap":{},"s":{"0":2,"1":2,"2":2},"f":{"0":2},"b":{},"_coverageSchema":"1a1c01bbd47fc00a2c39e90264f33305004495a9","hash":"6d2837f13c1f30c9e8aee9dfeb1348727bbfa699"}
}
